<?xml version="1.0" encoding="UTF-8"?>
<testsuite name="com.moviekim.ansimtalk_server.AnsimtalkServerApplicationTests" tests="1" skipped="0" failures="1" errors="0" timestamp="2025-10-27T14:04:27.417Z" hostname="GALAXYBOOK4PRO" time="0.104">
  <properties/>
  <testcase name="FCM 알림 전송 요청 실행 테스트" classname="com.moviekim.ansimtalk_server.AnsimtalkServerApplicationTests" time="0.104">
    <failure message="Wanted but not invoked:&#10;firebaseMessaging.send(&#10;    &lt;any com.google.firebase.messaging.Message&gt;&#10;);&#10;-&gt; at com.google.firebase.messaging.FirebaseMessaging.send(FirebaseMessaging.java:90)&#10;Actually, there were zero interactions with this mock.&#10;" type="org.mockito.exceptions.verification.WantedButNotInvoked">Wanted but not invoked:
firebaseMessaging.send(
    &lt;any com.google.firebase.messaging.Message&gt;
);
-&gt; at com.google.firebase.messaging.FirebaseMessaging.send(FirebaseMessaging.java:90)
Actually, there were zero interactions with this mock.

	at app//com.google.firebase.messaging.FirebaseMessaging.send(FirebaseMessaging.java:90)
	at app//com.moviekim.ansimtalk_server.AnsimtalkServerApplicationTests.fcmSendTest(AnsimtalkServerApplicationTests.java:53)
	at java.base@21.0.2/java.lang.reflect.Method.invoke(Method.java:580)
	at java.base@21.0.2/java.util.ArrayList.forEach(ArrayList.java:1596)
	at java.base@21.0.2/java.util.ArrayList.forEach(ArrayList.java:1596)
</failure>
  </testcase>
  <system-out><![CDATA[Standard Commons Logging discovery in action with spring-jcl: please remove commons-logging.jar from classpath in order to avoid potential conflicts
23:04:20.680 [Test worker] INFO org.springframework.test.context.support.AnnotationConfigContextLoaderUtils -- Could not detect default configuration classes for test class [com.moviekim.ansimtalk_server.AnsimtalkServerApplicationTests]: AnsimtalkServerApplicationTests does not declare any static, non-private, non-final, nested classes annotated with @Configuration.
23:04:20.828 [Test worker] INFO org.springframework.boot.test.context.SpringBootTestContextBootstrapper -- Found @SpringBootConfiguration com.moviekim.ansimtalk_server.AnsimtalkServerApplication for test class com.moviekim.ansimtalk_server.AnsimtalkServerApplicationTests

  .   ____          _            __ _ _
 /\\ / ___'_ __ _ _(_)_ __  __ _ \ \ \ \
( ( )\___ | '_ | '_| | '_ \/ _` | \ \ \ \
 \\/  ___)| |_)| | | | | || (_| |  ) ) ) )
  '  |____| .__|_| |_|_| |_\__, | / / / /
 =========|_|==============|___/=/_/_/_/

 :: Spring Boot ::                (v3.5.6)

2025-10-27T23:04:21.330+09:00  INFO 30892 --- [ansimtalk-server] [    Test worker] c.m.a.AnsimtalkServerApplicationTests    : Starting AnsimtalkServerApplicationTests using Java 21.0.2 with PID 30892 (started by kim32 in C:\Users\kim32\Desktop\ansimtalk\server)
2025-10-27T23:04:21.332+09:00  INFO 30892 --- [ansimtalk-server] [    Test worker] c.m.a.AnsimtalkServerApplicationTests    : No active profile set, falling back to 1 default profile: "default"
2025-10-27T23:04:22.407+09:00  INFO 30892 --- [ansimtalk-server] [    Test worker] .s.d.r.c.RepositoryConfigurationDelegate : Bootstrapping Spring Data JPA repositories in DEFAULT mode.
2025-10-27T23:04:22.519+09:00  INFO 30892 --- [ansimtalk-server] [    Test worker] .s.d.r.c.RepositoryConfigurationDelegate : Finished Spring Data repository scanning in 96 ms. Found 1 JPA repository interface.
2025-10-27T23:04:24.271+09:00  INFO 30892 --- [ansimtalk-server] [    Test worker] o.hibernate.jpa.internal.util.LogHelper  : HHH000204: Processing PersistenceUnitInfo [name: default]
2025-10-27T23:04:24.356+09:00  INFO 30892 --- [ansimtalk-server] [    Test worker] org.hibernate.Version                    : HHH000412: Hibernate ORM core version 6.6.29.Final
2025-10-27T23:04:24.406+09:00  INFO 30892 --- [ansimtalk-server] [    Test worker] o.h.c.internal.RegionFactoryInitiator    : HHH000026: Second-level cache disabled
2025-10-27T23:04:24.609+09:00  INFO 30892 --- [ansimtalk-server] [    Test worker] o.s.o.j.p.SpringPersistenceUnitInfo      : No LoadTimeWeaver setup: ignoring JPA class transformer
2025-10-27T23:04:24.648+09:00  INFO 30892 --- [ansimtalk-server] [    Test worker] com.zaxxer.hikari.HikariDataSource       : HikariPool-1 - Starting...
2025-10-27T23:04:25.152+09:00  INFO 30892 --- [ansimtalk-server] [    Test worker] com.zaxxer.hikari.pool.HikariPool        : HikariPool-1 - Added connection com.mysql.cj.jdbc.ConnectionImpl@783f5f71
2025-10-27T23:04:25.156+09:00  INFO 30892 --- [ansimtalk-server] [    Test worker] com.zaxxer.hikari.HikariDataSource       : HikariPool-1 - Start completed.
2025-10-27T23:04:25.240+09:00  WARN 30892 --- [ansimtalk-server] [    Test worker] org.hibernate.orm.deprecation            : HHH90000025: MySQLDialect does not need to be specified explicitly using 'hibernate.dialect' (remove the property setting and it will be selected by default)
2025-10-27T23:04:25.276+09:00  INFO 30892 --- [ansimtalk-server] [    Test worker] org.hibernate.orm.connections.pooling    : HHH10001005: Database info:
	Database JDBC URL [Connecting through datasource 'HikariDataSource (HikariPool-1)']
	Database driver: undefined/unknown
	Database version: 8.4.7
	Autocommit mode: undefined/unknown
	Isolation level: undefined/unknown
	Minimum pool size: undefined/unknown
	Maximum pool size: undefined/unknown
2025-10-27T23:04:26.195+09:00  INFO 30892 --- [ansimtalk-server] [    Test worker] o.h.e.t.j.p.i.JtaPlatformInitiator       : HHH000489: No JTA platform available (set 'hibernate.transaction.jta.platform' to enable JTA platform integration)
2025-10-27T23:04:26.272+09:00  INFO 30892 --- [ansimtalk-server] [    Test worker] j.LocalContainerEntityManagerFactoryBean : Initialized JPA EntityManagerFactory for persistence unit 'default'
Firebase가 성공적으로 초기화되었습니다.
2025-10-27T23:04:26.850+09:00  WARN 30892 --- [ansimtalk-server] [    Test worker] JpaBaseConfiguration$JpaWebConfiguration : spring.jpa.open-in-view is enabled by default. Therefore, database queries may be performed during view rendering. Explicitly configure spring.jpa.open-in-view to disable this warning
2025-10-27T23:04:27.390+09:00  INFO 30892 --- [ansimtalk-server] [    Test worker] c.m.a.AnsimtalkServerApplicationTests    : Started AnsimtalkServerApplicationTests in 6.389 seconds (process running for 7.882)
PUSH 알림 발송 성공: null
]]></system-out>
  <system-err><![CDATA[Mockito is currently self-attaching to enable the inline-mock-maker. This will no longer work in future releases of the JDK. Please add Mockito as an agent to your build as described in Mockito's documentation: https://javadoc.io/doc/org.mockito/mockito-core/latest/org.mockito/org/mockito/Mockito.html#0.3
WARNING: A Java agent has been loaded dynamically (C:\Users\kim32\.gradle\caches\modules-2\files-2.1\net.bytebuddy\byte-buddy-agent\1.17.7\fbf3d6d649ed37fc9e9c59480a05be0a26e3c2da\byte-buddy-agent-1.17.7.jar)
WARNING: If a serviceability tool is in use, please run with -XX:+EnableDynamicAgentLoading to hide this warning
WARNING: If a serviceability tool is not in use, please run with -Djdk.instrument.traceUsage for more information
WARNING: Dynamic loading of agents will be disallowed by default in a future release
]]></system-err>
</testsuite>
